{"time": "2026-05-23T12:15:04.303213", "audio_size": 43631, "raw_text": "所有重物過來排隊", "converted_text": "所有重物过来排队", "command_matched": null}
{"time": "2026-05-23T12:15:11.376040", "audio_size": 31073, "raw_text": "所有重物排成一堆", "converted_text": "所有重物排成一堆", "command_matched": null}
{"time": "2026-05-23T12:15:19.250800", "audio_size": 65849, "raw_text": "排隊了", "converted_text": "排队了", "command_matched": null}
{"time": "2026-05-23T12:15:25.724219", "audio_size": 19481, "raw_text": "稍微坐", "converted_text": "稍微坐", "command_matched": null}
{"time": "2026-05-23T12:15:27.376169", "audio_size": 9821, "raw_text": "", "converted_text": "", "command_matched": null}
{"time": "2026-05-23T12:15:32.325718", "audio_size": 22379, "raw_text": "开始排队", "converted_text": "开始排队", "command_matched": null}
{"time": "2026-05-23T12:15:48.792527", "audio_size": 90965, "raw_text": "都要过来", "converted_text": "都要过来", "command_matched": null}
{"time": "2026-05-23T12:16:07.887489", "audio_size": 160517, "raw_text": "開始排隊", "converted_text": "开始排队", "command_matched": null}
{"time": "2026-05-23T12:17:05.681135", "audio_size": 47495, "raw_text": "排隊", "converted_text": "排队", "command_matched": null}
{"time": "2026-05-23T12:17:28.924758", "audio_size": 31073, "raw_text": "开始排队", "converted_text": "开始排队", "command_matched": null}
{"time": "2026-05-23T12:18:13.389918", "audio_size": 23345, "raw_text": "完成一堆", "converted_text": "完成一堆", "command_matched": null}
{"time": "2026-05-23T12:18:17.005107", "audio_size": 20447, "raw_text": "開隊了", "converted_text": "开队了", "command_matched": null}
{"time": "2026-05-23T12:18:20.588751", "audio_size": 26243, "raw_text": "排隊", "converted_text": "排队", "command_matched": null}
{"time": "2026-05-23T12:18:33.721927", "audio_size": 68747, "raw_text": "排成三排", "converted_text": "排成三排", "command_matched": null}
{"time": "2026-05-23T12:18:55.480389", "audio_size": 21413, "raw_text": "立正", "converted_text": "立正", "command_matched": null}
{"time": "2026-05-23T12:19:00.413304", "audio_size": 24311, "raw_text": "這樣好", "converted_text": "这样好", "command_matched": null}
{"time": "2026-05-23T12:19:02.545907", "audio_size": 10787, "raw_text": "", "converted_text": "", "command_matched": null}
{"time": "2026-05-23T12:19:08.789624", "audio_size": 31407, "raw_text": "账成一圈", "converted_text": "账成一圈", "command_matched": null}
{"time": "2026-05-23T12:19:15.199150", "audio_size": 42665, "raw_text": "將成一圈", "converted_text": "將成一圈", "command_matched": null}
{"time": "2026-05-23T12:19:26.239271", "audio_size": 33005, "raw_text": "理正", "converted_text": "理正", "command_matched": null}
{"time": "2026-05-23T12:19:31.419133", "audio_size": 20447, "raw_text": "亮痕", "converted_text": "亮痕", "command_matched": null}
{"time": "2026-05-23T12:19:33.842540", "audio_size": 4991, "raw_text": "", "converted_text": "", "command_matched": null}
{"time": "2026-05-23T12:19:40.054225", "audio_size": 24311, "raw_text": "兩行", "converted_text": "兩行", "command_matched": null}
{"time": "2026-05-23T12:19:54.507325", "audio_size": 33005, "raw_text": "兩層", "converted_text": "兩層", "command_matched": null}
{"time": "2026-05-23T12:19:59.235001", "audio_size": 17549, "raw_text": "這樣好", "converted_text": "这样好", "command_matched": null}
{"time": "2026-05-23T12:20:02.943916", "audio_size": 20447, "raw_text": "立正", "converted_text": "立正", "command_matched": null}
{"time": "2026-05-23T12:20:16.430323", "audio_size": 31073, "raw_text": "排成方陣", "converted_text": "排成方陣", "command_matched": null}
{"time": "2026-05-23T12:21:56.458578", "audio_size": 18515, "raw_text": "圆圈", "converted_text": "圆圈", "command_matched": null}
{"time": "2026-05-23T12:24:41.875613", "audio_size": 16583, "raw_text": "快點", "converted_text": "快点", "command_matched": null}
{"time": "2026-05-23T12:24:44.982448", "audio_size": 22379, "raw_text": "排隊", "converted_text": "排队", "command_matched": null}
{"time": "2026-05-23T12:24:49.394234", "audio_size": 24311, "raw_text": "圓圈", "converted_text": "圓圈", "command_matched": null}
{"time": "2026-05-23T12:24:57.572770", "audio_size": 5957, "raw_text": "", "converted_text": "", "command_matched": null}
{"time": "2026-05-23T12:25:00.421939", "audio_size": 20447, "raw_text": "", "converted_text": "", "command_matched": null}
{"time": "2026-05-23T12:25:04.775364", "audio_size": 23345, "raw_text": "圓圈", "converted_text": "圓圈", "command_matched": null}
{"time": "2026-05-23T12:27:06.833334", "audio_size": 21413, "raw_text": "排隊", "converted_text": "排队", "command_matched": null}
{"time": "2026-05-23T12:27:11.462596", "audio_size": 28175, "raw_text": "还真两盒", "converted_text": "还真两盒", "command_matched": null}
{"time": "2026-05-23T12:27:14.711720", "audio_size": 30107, "raw_text": "排扯兩盒", "converted_text": "排扯兩盒", "command_matched": null}
{"time": "2026-05-23T12:27:18.529220", "audio_size": 20447, "raw_text": "兩行", "converted_text": "兩行", "command_matched": null}
{"time": "2026-05-23T12:27:19.376620", "audio_size": 3059, "raw_text": "", "converted_text": "", "command_matched": null}
{"time": "2026-05-23T12:27:23.368309", "audio_size": 14651, "raw_text": "那次呢", "converted_text": "那次呢", "command_matched": null}
{"time": "2026-05-23T12:27:27.387257", "audio_size": 37835, "raw_text": "李昌", "converted_text": "李昌", "command_matched": null}
{"time": "2026-05-23T12:27:32.392347", "audio_size": 15617, "raw_text": "李昂", "converted_text": "李昂", "command_matched": null}
{"time": "2026-05-23T12:27:35.200214", "audio_size": 17549, "raw_text": "出了个小干嘛呢", "converted_text": "出了个小干嘛呢", "command_matched": null}
{"time": "2026-05-23T12:27:39.095135", "audio_size": 41699, "raw_text": "兩行", "converted_text": "兩行", "command_matched": null}
{"time": "2026-05-23T12:27:51.562840", "audio_size": 29141, "raw_text": "太累", "converted_text": "太累", "command_matched": null}
{"time": "2026-05-23T12:27:58.127686", "audio_size": 26243, "raw_text": "太多了", "converted_text": "太多了", "command_matched": null}
{"time": "2026-05-23T12:28:03.694049", "audio_size": 17549, "raw_text": "排隊", "converted_text": "排队", "command_matched": null}
{"time": "2026-05-23T12:28:13.123421", "audio_size": 86135, "raw_text": "排位我先跟妳擦著說話", "converted_text": "排位我先跟妳擦著說話", "command_matched": null}
{"time": "2026-05-23T14:08:43.597128", "audio_size": 28310, "raw_text": "排隊了", "converted_text": "排队了", "command_matched": null}
